textfile coded.txt enc AES CBC 89
coded.txt plain.txt dec AES CBC 83
coded.txt plain.txt dec AES CBC 79
coded.txt plain.txt dec DES OFB 91
coded.txt plain.txt dec DES OFB 102
textfile coded.txt enc AES CBC 88
textfile coded.txt enc AES CBC 75
textfile coded.txt enc AES CBC 79
textfile coded.txt enc AES CBC 74
textfile coded.txt enc AES CBC 81
textfile coded.txt enc AES CBC 79
textfile coded.txt enc AES CBC 74
textfile coded.txt enc AES CBC 98
textfile coded.txt enc AES CBC 80
textfile coded.txt enc AES CBC 80
textfile coded.txt enc AES CBC 104
textfile coded.txt enc AES CBC 105
textfile coded.txt enc AES CBC 98
textfile coded.txt enc AES CBC 91
textfile coded.txt enc AES CBC 93
textfile coded.txt enc AES CBC 80
textfile coded.txt enc AES CBC 73
textfile coded.txt enc AES CBC 81
textfile coded.txt enc AES CTR 97
textfile coded.txt enc AES CTR 91
textfile coded.txt enc AES CTR 98
textfile coded.txt enc AES CTR 97
textfile coded.txt enc AES CTR 96
textfile coded.txt enc AES CTR 89
textfile coded.txt enc AES CTR 114
textfile coded.txt enc AES CTR 131
textfile coded.txt enc AES CTR 98
textfile coded.txt enc AES CTR 97
textfile coded.txt enc AES CTR 96
textfile coded.txt enc DES CTR 95
textfile coded.txt enc DES CTR 95
textfile coded.txt enc AES CTR 94
textfile coded.txt enc DES CTR 87
textfile coded.txt enc AES CTR 89
textfile coded.txt enc AES CTR 107
coded.txt plain.txt dec AES CTR 97
textfile coded.txt enc AES CTR 93
coded.txt plain.txt dec AES CTR 92
textfile coded.txt enc AES CTR 104
coded.txt plain.txt dec AES CTR 105
textfile coded.txt enc AES CBC 99
coded.txt plain.txt dec AES CBC 93
textfile coded.txt enc AES CBC 102
coded.txt plain.txt dec AES CBC 87
textfile coded.txt enc AES OFB 110
coded.txt plain.txt dec AES OFB 98
coded.txt plain.txt dec AES OFB 107
textfile coded.txt enc DES CBC 104
coded.txt plain.txt dec DES CBC 107
textfile coded.txt enc DES OFB 112
coded.txt plain.txt dec DES OFB 107
textfile coded.txt enc DES CTR 102
coded.txt plain.txt dec DES CTR 108
textfile coded.txt enc AES CBC 131
coded.txt plain.txt dec AES CBC 99
textfile coded.txt enc AES CBC 122
textfile coded.txt enc AES CBC 130
coded.txt plain.txt dec AES CBC 109
textfile coded.txt enc AES OFB 123
coded.txt plain.txt dec AES OFB 125
textfile coded.txt enc AES CTR 134
coded.txt plain.txt dec AES CTR 125
textfile coded.txt enc DES CTR 123
coded.txt plain.txt enc DES CTR 134
textfile coded.txt enc DES CTR 121
coded.txt plain.txt dec DES CTR 123
textfile coded.txt enc DES OFB 139
coded.txt plain.txt dec DES OFB 113
textfile coded.txt enc DES CBC 121
coded.txt plain.txt dec DES CBC 103
